<?xml version='1.0' encoding='utf-8'?>
<testsuites name="cocotb tests"><testsuite name="dma_tests" errors="0" failures="0" skipped="0" tests="4" time="11.361" timestamp="2026-09-20T18:46:29.683701+00:00" hostname="zephyr"><testcase classname="dma_tests" name="test_write_then_read" time="1.306"><properties><property name="cocotb" value="True" /><property name="random_seed" value="1789929988" /><property name="file" value="C:\Users\arnav\Documents\deepseek\projects\capstone\memory\dv\tests\dma_tests.py" /><property name="line" value="101" /><property name="sim_time_unit" value="ns" /><property name="sim_time_start" value="0.0" /><property name="sim_time_stop" value="101480.0" /><property name="sim_time_duration" value="101480.0" /><property name="sim_time_ratio" value="77716.13210148261" /></properties></testcase><testcase classname="dma_tests" name="test_byte_enables" time="2.515"><properties><property name="cocotb" value="True" /><property name="random_seed" value="1789929988" /><property name="file" value="C:\Users\arnav\Documents\deepseek\projects\capstone\memory\dv\tests\dma_tests.py" /><property name="line" value="118" /><property name="sim_time_unit" value="ns" /><property name="sim_time_start" value="101480.001" /><property name="sim_time_stop" value="202460.001" /><property name="sim_time_duration" value="100979.99999999999" /><property name="sim_time_ratio" value="40156.16445247066" /></properties></testcase><testcase classname="dma_tests" name="test_throughput" time="3.780"><properties><property name="cocotb" value="True" /><property name="random_seed" value="1789929988" /><property name="file" value="C:\Users\arnav\Documents\deepseek\projects\capstone\memory\dv\tests\dma_tests.py" /><property name="line" value="133" /><property name="sim_time_unit" value="ns" /><property name="sim_time_start" value="202460.002" /><property name="sim_time_stop" value="349960.002" /><property name="sim_time_duration" value="147499.99999999997" /><property name="sim_time_ratio" value="39019.80555389236" /></properties></testcase><testcase classname="dma_tests" name="test_random_vs_model" time="3.761"><properties><property name="cocotb" value="True" /><property name="random_seed" value="1789929988" /><property name="file" value="C:\Users\arnav\Documents\deepseek\projects\capstone\memory\dv\tests\dma_tests.py" /><property name="line" value="156" /><property name="sim_time_unit" value="ns" /><property name="sim_time_start" value="349960.003" /><property name="sim_time_stop" value="496000.003" /><property name="sim_time_duration" value="146040.0" /><property name="sim_time_ratio" value="38834.2161885903" /></properties></testcase></testsuite></testsuites>