<?xml version='1.0' encoding='utf-8'?>
<testsuites name="cocotb tests"><testsuite name="cordic_tests" errors="0" failures="0" skipped="0" tests="1" time="0.012" timestamp="2026-09-18T19:02:41.599242+00:00" hostname="zephyr"><testcase classname="cordic_tests" name="cordic_base_test" time="0.012"><properties><property name="cocotb" value="True" /><property name="random_seed" value="1789758161" /><property name="file" value="C:\Users\arnav\Documents\deepseek\projects\capstone\compute\dv\tests\cordic_tests.py" /><property name="line" value="9" /><property name="sim_time_unit" value="ns" /><property name="sim_time_start" value="0.0" /><property name="sim_time_stop" value="170.0" /><property name="sim_time_duration" value="170.0" /><property name="sim_time_ratio" value="14182.030526783652" /></properties></testcase></testsuite></testsuites>